-------------------------------------------------------------------------------
Test set: com.cafe24.radev.EnGeniusApplicationTests
-------------------------------------------------------------------------------
<<<<<<< HEAD
<<<<<<< HEAD
Tests run: 1, Failures: 0, Errors: 0, Skipped: 0, Time elapsed: 4.432 s - in com.cafe24.radev.EnGeniusApplicationTests
=======
Tests run: 1, Failures: 0, Errors: 0, Skipped: 0, Time elapsed: 4.287 s - in com.cafe24.radev.EnGeniusApplicationTests
>>>>>>> refs/heads/jsh
=======
Tests run: 1, Failures: 0, Errors: 0, Skipped: 0, Time elapsed: 4.736 s - in com.cafe24.radev.EnGeniusApplicationTests
>>>>>>> refs/heads/jsh
